<?xml version="1.0" encoding="UTF-8"?>
<!-- Generated by org.testng.reporters.JUnitReportReporter -->
<testsuite skipped="0" hostname="Sriram" name="JenkinsMavenTestNG" tests="1" failures="0" timestamp="20 Jun 2017 03:42:04 GMT" time="14.272" errors="0">
  <testcase name="sample" time="14.272" classname="JenkinsMavenTestNG"/>
</testsuite> <!-- JenkinsMavenTestNG -->
